2003.09.08 12:25 A c:\webs\nx_0.3\lib\NxApp_ViewModule.inc --> www.pecr.com /nx_0.3/lib NxApp_ViewModule.inc
2003.09.08 12:25 A c:\webs\nx_0.3\lib\NxApplication.inc --> www.pecr.com /nx_0.3/lib NxApplication.inc
2003.09.08 12:25 A c:\webs\nx_0.3\lib\NxChoiceLists.inc --> www.pecr.com /nx_0.3/lib NxChoiceLists.inc
2003.09.08 12:25 A c:\webs\nx_0.3\lib\NxControl_text.inc --> www.pecr.com /nx_0.3/lib NxControl_text.inc
2003.09.08 12:25 A c:\webs\nx_0.3\lib\NxData_Record.inc --> www.pecr.com /nx_0.3/lib NxData_Record.inc
2003.09.08 12:25 A c:\webs\nx_0.3\lib\NxDataFields.php --> www.pecr.com /nx_0.3/lib NxDataFields.php
2003.09.08 12:25 A c:\webs\nx_0.3\lib\NxMail_MIME.inc --> www.pecr.com /nx_0.3/lib NxMail_MIME.inc
2003.09.08 12:25 A c:\webs\nx_0.3\lib\NxPlug_Template_tpl.inc --> www.pecr.com /nx_0.3/lib NxPlug_Template_tpl.inc
2003.09.08 12:25 A c:\webs\nx_0.3\lib\NxPlug_TplMap_dwt.inc --> www.pecr.com /nx_0.3/lib NxPlug_TplMap_dwt.inc
2003.09.08 12:25 A c:\webs\nx_0.3\lib\NxPlug_TplMap_html.inc --> www.pecr.com /nx_0.3/lib NxPlug_TplMap_html.inc
2003.09.08 12:25 A c:\webs\nx_0.3\lib\NxProperties.inc --> www.pecr.com /nx_0.3/lib NxProperties.inc
2003.09.08 12:25 A c:\webs\nx_0.3\lib\NxUser_StoreDB.inc --> www.pecr.com /nx_0.3/lib NxUser_StoreDB.inc
2003.09.08 14:31 A c:\webs\nx_0.3\lib\NxPlug_Template.inc --> www.pecr.com /nx_0.3/lib NxPlug_Template.inc
2003.09.28 00:06 A c:\webs\nx_0.3\lib\NxApp_ViewModule.inc --> www.pecr.com /nx_0.3/lib NxApp_ViewModule.inc
2003.09.28 00:06 A c:\webs\nx_0.3\lib\NxData_ArrayRecords.inc --> www.pecr.com /nx_0.3/lib NxData_ArrayRecords.inc
2003.09.28 00:06 A c:\webs\nx_0.3\lib\NxData_Database.inc --> www.pecr.com /nx_0.3/lib NxData_Database.inc
2003.09.28 00:06 A c:\webs\nx_0.3\lib\NxData_HttpForm.inc --> www.pecr.com /nx_0.3/lib NxData_HttpForm.inc
2003.09.28 00:06 A c:\webs\nx_0.3\lib\NxData_Record.inc --> www.pecr.com /nx_0.3/lib NxData_Record.inc
2003.09.28 00:06 A c:\webs\nx_0.3\lib\NxPlug_Data.inc --> www.pecr.com /nx_0.3/lib NxPlug_Data.inc
2003.09.28 00:06 A c:\webs\nx_0.3\lib\NxPlug_DB.inc --> www.pecr.com /nx_0.3/lib NxPlug_DB.inc
2003.09.28 00:06 A c:\webs\nx_0.3\lib\NxPlug_DBEdit.inc --> www.pecr.com /nx_0.3/lib NxPlug_DBEdit.inc
2003.09.28 00:06 A c:\webs\nx_0.3\lib\NxPlug_http_post.inc --> www.pecr.com /nx_0.3/lib NxPlug_http_post.inc
2003.09.28 00:06 A c:\webs\nx_0.3\lib\NxPlug_ImageGD.inc --> www.pecr.com /nx_0.3/lib NxPlug_ImageGD.inc
2003.09.28 00:06 A c:\webs\nx_0.3\lib\NxPlug_ImageStore.inc --> www.pecr.com /nx_0.3/lib NxPlug_ImageStore.inc
2003.09.28 00:06 A c:\webs\nx_0.3\lib\NxPlug_no_data.inc --> www.pecr.com /nx_0.3/lib NxPlug_no_data.inc
2003.09.28 00:06 A c:\webs\nx_0.3\lib\NxPlug_Page.inc --> www.pecr.com /nx_0.3/lib NxPlug_Page.inc
2003.09.28 00:06 A c:\webs\nx_0.3\lib\NxPlug_Session.inc --> www.pecr.com /nx_0.3/lib NxPlug_Session.inc
2003.09.28 00:06 A c:\webs\nx_0.3\lib\NxProperties.inc --> www.pecr.com /nx_0.3/lib NxProperties.inc
2003.09.28 00:06 B c:\webs\nx_0.3\lib\WS_FTP.LOG --> www.pecr.com /nx_0.3/lib WS_FTP.LOG
2003.09.28 00:59 A c:\webs\nx_0.3\lib\NxPlug_User.inc --> www.pecr.com /nx_0.3/lib NxPlug_User.inc
2003.09.29 02:49 A c:\webs\nx_0.3\lib\NxData_ArrayRecords.inc --> www.pecr.com /nx_0.3/lib NxData_ArrayRecords.inc
2003.09.29 02:49 A c:\webs\nx_0.3\lib\NxData_Record.inc --> www.pecr.com /nx_0.3/lib NxData_Record.inc
2003.09.29 02:49 A c:\webs\nx_0.3\lib\NxPlug_DBEdit.inc --> www.pecr.com /nx_0.3/lib NxPlug_DBEdit.inc
2003.09.29 02:49 A c:\webs\nx_0.3\lib\NxPlug_Email.inc --> www.pecr.com /nx_0.3/lib NxPlug_Email.inc
2003.09.29 02:49 A c:\webs\nx_0.3\lib\NxPlug_Search.inc --> www.pecr.com /nx_0.3/lib NxPlug_Search.inc
2003.09.29 02:49 A c:\webs\nx_0.3\lib\NxPlug_Session.inc --> www.pecr.com /nx_0.3/lib NxPlug_Session.inc
2003.09.29 02:49 A c:\webs\nx_0.3\lib\NxPlug_User.inc --> www.pecr.com /nx_0.3/lib NxPlug_User.inc
2003.09.29 02:49 A c:\webs\nx_0.3\lib\NxProperties.inc --> www.pecr.com /nx_0.3/lib NxProperties.inc
2003.09.29 02:49 B c:\webs\nx_0.3\lib\WS_FTP.LOG --> www.pecr.com /nx_0.3/lib WS_FTP.LOG
2003.09.29 03:57 B c:\webs\nx_0.3\lib\WS_FTP.LOG --> www.pecr.com /nx_0.3/lib WS_FTP.LOG
2003.10.27 02:37 A C:\webs\nx_0.3\lib\NxApp_ErrorCB.inc --> www.nxfrontier.com /cgi-bin/nx_0.3/lib NxApp_ErrorCB.inc
2003.10.27 02:37 A C:\webs\nx_0.3\lib\NxApp_HttpRequest.inc --> www.nxfrontier.com /cgi-bin/nx_0.3/lib NxApp_HttpRequest.inc
2003.10.27 02:37 A C:\webs\nx_0.3\lib\NxApp_ViewModule.inc --> www.nxfrontier.com /cgi-bin/nx_0.3/lib NxApp_ViewModule.inc
2003.10.27 02:37 A C:\webs\nx_0.3\lib\NxCache_Page.inc --> www.nxfrontier.com /cgi-bin/nx_0.3/lib NxCache_Page.inc
2003.10.27 02:37 A C:\webs\nx_0.3\lib\NxCache_Property.inc --> www.nxfrontier.com /cgi-bin/nx_0.3/lib NxCache_Property.inc
2003.10.27 02:37 A C:\webs\nx_0.3\lib\NxCache_Section.inc --> www.nxfrontier.com /cgi-bin/nx_0.3/lib NxCache_Section.inc
2003.10.27 02:37 A C:\webs\nx_0.3\lib\NxChoiceLists.inc --> www.nxfrontier.com /cgi-bin/nx_0.3/lib NxChoiceLists.inc
2003.10.27 02:37 A C:\webs\nx_0.3\lib\NxData_ArrayRecords.inc --> www.nxfrontier.com /cgi-bin/nx_0.3/lib NxData_ArrayRecords.inc
2003.10.27 02:37 A C:\webs\nx_0.3\lib\NxData_Database.inc --> www.nxfrontier.com /cgi-bin/nx_0.3/lib NxData_Database.inc
2003.10.27 02:37 A C:\webs\nx_0.3\lib\NxData_HttpForm.inc --> www.nxfrontier.com /cgi-bin/nx_0.3/lib NxData_HttpForm.inc
2003.10.27 02:37 A C:\webs\nx_0.3\lib\NxData_Output.inc --> www.nxfrontier.com /cgi-bin/nx_0.3/lib NxData_Output.inc
2003.10.27 02:37 A C:\webs\nx_0.3\lib\NxData_OutputForm.inc --> www.nxfrontier.com /cgi-bin/nx_0.3/lib NxData_OutputForm.inc
2003.10.27 02:37 A C:\webs\nx_0.3\lib\NxData_PropertyRecord.inc --> www.nxfrontier.com /cgi-bin/nx_0.3/lib NxData_PropertyRecord.inc
2003.10.27 02:37 A C:\webs\nx_0.3\lib\NxData_Record.inc --> www.nxfrontier.com /cgi-bin/nx_0.3/lib NxData_Record.inc
2003.10.27 02:37 A C:\webs\nx_0.3\lib\NxData_RecordInputSource.inc --> www.nxfrontier.com /cgi-bin/nx_0.3/lib NxData_RecordInputSource.inc
2003.10.27 02:37 A C:\webs\nx_0.3\lib\NxData_Session.inc --> www.nxfrontier.com /cgi-bin/nx_0.3/lib NxData_Session.inc
2003.10.27 02:37 A C:\webs\nx_0.3\lib\NxDB_Record.inc --> www.nxfrontier.com /cgi-bin/nx_0.3/lib NxDB_Record.inc
2003.10.27 02:37 A C:\webs\nx_0.3\lib\NxFileStore.inc --> www.nxfrontier.com /cgi-bin/nx_0.3/lib NxFileStore.inc
2003.10.27 02:37 A C:\webs\nx_0.3\lib\NxHTML_Form.inc --> www.nxfrontier.com /cgi-bin/nx_0.3/lib NxHTML_Form.inc
2003.10.27 02:37 A C:\webs\nx_0.3\lib\NxLogin_FormAuth.inc --> www.nxfrontier.com /cgi-bin/nx_0.3/lib NxLogin_FormAuth.inc
2003.10.27 02:37 A C:\webs\nx_0.3\lib\NxLogin_PHPAuth.inc --> www.nxfrontier.com /cgi-bin/nx_0.3/lib NxLogin_PHPAuth.inc
2003.10.27 02:37 A C:\webs\nx_0.3\lib\NxMail_MIME.inc --> www.nxfrontier.com /cgi-bin/nx_0.3/lib NxMail_MIME.inc
2003.10.27 02:37 A C:\webs\nx_0.3\lib\NxMail_MimeMessage.inc --> www.nxfrontier.com /cgi-bin/nx_0.3/lib NxMail_MimeMessage.inc
2003.10.27 02:37 A C:\webs\nx_0.3\lib\NxPHP_compatibility.inc --> www.nxfrontier.com /cgi-bin/nx_0.3/lib NxPHP_compatibility.inc
2003.10.27 02:37 A C:\webs\nx_0.3\lib\NxPlug_Cookie(2).inc --> www.nxfrontier.com /cgi-bin/nx_0.3/lib NxPlug_Cookie(2).inc
2003.10.27 02:37 A C:\webs\nx_0.3\lib\NxPlug_Cookie.inc --> www.nxfrontier.com /cgi-bin/nx_0.3/lib NxPlug_Cookie.inc
2003.10.27 02:37 A C:\webs\nx_0.3\lib\NxPlug_Data.inc --> www.nxfrontier.com /cgi-bin/nx_0.3/lib NxPlug_Data.inc
2003.10.27 02:37 A C:\webs\nx_0.3\lib\NxPlug_DB.inc --> www.nxfrontier.com /cgi-bin/nx_0.3/lib NxPlug_DB.inc
2003.10.27 02:37 A C:\webs\nx_0.3\lib\NxPlug_DBDisplay.inc --> www.nxfrontier.com /cgi-bin/nx_0.3/lib NxPlug_DBDisplay.inc
2003.10.27 02:37 A C:\webs\nx_0.3\lib\NxPlug_DBEdit.inc --> www.nxfrontier.com /cgi-bin/nx_0.3/lib NxPlug_DBEdit.inc
2003.10.27 02:37 A C:\webs\nx_0.3\lib\NxPlug_Email.inc --> www.nxfrontier.com /cgi-bin/nx_0.3/lib NxPlug_Email.inc
2003.10.27 02:37 A C:\webs\nx_0.3\lib\NxPlug_Error.inc --> www.nxfrontier.com /cgi-bin/nx_0.3/lib NxPlug_Error.inc
2003.10.27 02:37 A C:\webs\nx_0.3\lib\NxPlug_HtmlUI.inc --> www.nxfrontier.com /cgi-bin/nx_0.3/lib NxPlug_HtmlUI.inc
2003.10.27 02:37 A C:\webs\nx_0.3\lib\NxPlug_http_post.inc --> www.nxfrontier.com /cgi-bin/nx_0.3/lib NxPlug_http_post.inc
2003.10.27 02:37 A C:\webs\nx_0.3\lib\NxPlug_ImageGD.inc --> www.nxfrontier.com /cgi-bin/nx_0.3/lib NxPlug_ImageGD.inc
2003.10.27 02:37 A C:\webs\nx_0.3\lib\NxPlug_ImageStore.inc --> www.nxfrontier.com /cgi-bin/nx_0.3/lib NxPlug_ImageStore.inc
2003.10.27 02:37 A C:\webs\nx_0.3\lib\NxPlug_Mail.inc --> www.nxfrontier.com /cgi-bin/nx_0.3/lib NxPlug_Mail.inc
2003.10.27 02:37 A C:\webs\nx_0.3\lib\NxPlug_no_data.inc --> www.nxfrontier.com /cgi-bin/nx_0.3/lib NxPlug_no_data.inc
2003.10.27 02:37 A C:\webs\nx_0.3\lib\NxPlug_Page.inc --> www.nxfrontier.com /cgi-bin/nx_0.3/lib NxPlug_Page.inc
2003.10.27 02:37 A C:\webs\nx_0.3\lib\NxPlug_Password.inc --> www.nxfrontier.com /cgi-bin/nx_0.3/lib NxPlug_Password.inc
2003.10.27 02:37 A C:\webs\nx_0.3\lib\NxPlug_RecordInput.inc --> www.nxfrontier.com /cgi-bin/nx_0.3/lib NxPlug_RecordInput.inc
2003.10.27 02:37 A C:\webs\nx_0.3\lib\NxPlug_Search.inc --> www.nxfrontier.com /cgi-bin/nx_0.3/lib NxPlug_Search.inc
2003.10.27 02:37 A C:\webs\nx_0.3\lib\NxPlug_Session.inc --> www.nxfrontier.com /cgi-bin/nx_0.3/lib NxPlug_Session.inc
2003.10.27 02:37 A C:\webs\nx_0.3\lib\NxPlug_User.inc --> www.nxfrontier.com /cgi-bin/nx_0.3/lib NxPlug_User.inc
2003.10.27 02:37 A C:\webs\nx_0.3\lib\NxPlug_UserSpace.inc --> www.nxfrontier.com /cgi-bin/nx_0.3/lib NxPlug_UserSpace.inc
2003.10.27 02:37 A C:\webs\nx_0.3\lib\NxProperties.inc --> www.nxfrontier.com /cgi-bin/nx_0.3/lib NxProperties.inc
2003.10.27 02:37 A C:\webs\nx_0.3\lib\NxUser_Data.inc --> www.nxfrontier.com /cgi-bin/nx_0.3/lib NxUser_Data.inc
2003.10.27 02:37 A C:\webs\nx_0.3\lib\NxUser_StoreDB.inc --> www.nxfrontier.com /cgi-bin/nx_0.3/lib NxUser_StoreDB.inc
2003.10.27 02:37 A C:\webs\nx_0.3\lib\NxView.inc --> www.nxfrontier.com /cgi-bin/nx_0.3/lib NxView.inc
2003.10.27 02:37 A C:\webs\nx_0.3\lib\smtp.php --> www.nxfrontier.com /cgi-bin/nx_0.3/lib smtp.php
2003.10.27 02:37 B C:\webs\nx_0.3\lib\WS_FTP.LOG --> www.nxfrontier.com /cgi-bin/nx_0.3/lib WS_FTP.LOG
2003.10.27 14:38 B c:\webs\nx_lib_0.3\lib\NxApp_ErrorCB.inc --> www.nxfrontier.com /nx_lib_0.3/lib NxApp_ErrorCB.inc
2003.10.27 14:38 B c:\webs\nx_lib_0.3\lib\NxApp_HttpRequest.inc --> www.nxfrontier.com /nx_lib_0.3/lib NxApp_HttpRequest.inc
2003.10.27 14:38 B c:\webs\nx_lib_0.3\lib\NxApp_ViewModule.inc --> www.nxfrontier.com /nx_lib_0.3/lib NxApp_ViewModule.inc
2003.10.27 14:38 B c:\webs\nx_lib_0.3\lib\NxCache_Page.inc --> www.nxfrontier.com /nx_lib_0.3/lib NxCache_Page.inc
2003.10.27 14:38 B c:\webs\nx_lib_0.3\lib\NxCache_Property.inc --> www.nxfrontier.com /nx_lib_0.3/lib NxCache_Property.inc
2003.10.27 14:38 B c:\webs\nx_lib_0.3\lib\NxCache_Section.inc --> www.nxfrontier.com /nx_lib_0.3/lib NxCache_Section.inc
2003.10.27 14:38 B c:\webs\nx_lib_0.3\lib\NxChoiceLists.inc --> www.nxfrontier.com /nx_lib_0.3/lib NxChoiceLists.inc
2003.10.27 14:38 B c:\webs\nx_lib_0.3\lib\NxData_ArrayRecords.inc --> www.nxfrontier.com /nx_lib_0.3/lib NxData_ArrayRecords.inc
2003.10.27 14:38 B c:\webs\nx_lib_0.3\lib\NxData_Database.inc --> www.nxfrontier.com /nx_lib_0.3/lib NxData_Database.inc
2003.10.27 14:38 B c:\webs\nx_lib_0.3\lib\NxData_HttpForm.inc --> www.nxfrontier.com /nx_lib_0.3/lib NxData_HttpForm.inc
2003.10.27 14:38 B c:\webs\nx_lib_0.3\lib\NxData_Output.inc --> www.nxfrontier.com /nx_lib_0.3/lib NxData_Output.inc
2003.10.27 14:38 B c:\webs\nx_lib_0.3\lib\NxData_OutputForm.inc --> www.nxfrontier.com /nx_lib_0.3/lib NxData_OutputForm.inc
2003.10.27 14:38 B c:\webs\nx_lib_0.3\lib\NxData_PropertyRecord.inc --> www.nxfrontier.com /nx_lib_0.3/lib NxData_PropertyRecord.inc
2003.10.27 14:38 B c:\webs\nx_lib_0.3\lib\NxData_Record.inc --> www.nxfrontier.com /nx_lib_0.3/lib NxData_Record.inc
2003.10.27 14:38 B c:\webs\nx_lib_0.3\lib\NxData_RecordInputSource.inc --> www.nxfrontier.com /nx_lib_0.3/lib NxData_RecordInputSource.inc
2003.10.27 14:38 B c:\webs\nx_lib_0.3\lib\NxData_Session.inc --> www.nxfrontier.com /nx_lib_0.3/lib NxData_Session.inc
2003.10.27 14:38 B c:\webs\nx_lib_0.3\lib\NxDB_Record.inc --> www.nxfrontier.com /nx_lib_0.3/lib NxDB_Record.inc
2003.10.27 14:38 B c:\webs\nx_lib_0.3\lib\NxFileStore.inc --> www.nxfrontier.com /nx_lib_0.3/lib NxFileStore.inc
2003.10.27 14:38 B c:\webs\nx_lib_0.3\lib\NxHTML_Form.inc --> www.nxfrontier.com /nx_lib_0.3/lib NxHTML_Form.inc
2003.10.27 14:38 B c:\webs\nx_lib_0.3\lib\NxLogin_FormAuth.inc --> www.nxfrontier.com /nx_lib_0.3/lib NxLogin_FormAuth.inc
2003.10.27 14:38 B c:\webs\nx_lib_0.3\lib\NxLogin_PHPAuth.inc --> www.nxfrontier.com /nx_lib_0.3/lib NxLogin_PHPAuth.inc
2003.10.27 14:38 B c:\webs\nx_lib_0.3\lib\NxMail_MIME.inc --> www.nxfrontier.com /nx_lib_0.3/lib NxMail_MIME.inc
2003.10.27 14:38 B c:\webs\nx_lib_0.3\lib\NxMail_MimeMessage.inc --> www.nxfrontier.com /nx_lib_0.3/lib NxMail_MimeMessage.inc
2003.10.27 14:38 B c:\webs\nx_lib_0.3\lib\NxPHP_compatibility.inc --> www.nxfrontier.com /nx_lib_0.3/lib NxPHP_compatibility.inc
2003.10.27 14:38 B c:\webs\nx_lib_0.3\lib\NxPlug_Cookie(2).inc --> www.nxfrontier.com /nx_lib_0.3/lib NxPlug_Cookie(2).inc
2003.10.27 14:38 B c:\webs\nx_lib_0.3\lib\NxPlug_Cookie.inc --> www.nxfrontier.com /nx_lib_0.3/lib NxPlug_Cookie.inc
2003.10.27 14:38 B c:\webs\nx_lib_0.3\lib\NxPlug_Data.inc --> www.nxfrontier.com /nx_lib_0.3/lib NxPlug_Data.inc
2003.10.27 14:38 B c:\webs\nx_lib_0.3\lib\NxPlug_DB.inc --> www.nxfrontier.com /nx_lib_0.3/lib NxPlug_DB.inc
2003.10.27 14:38 B c:\webs\nx_lib_0.3\lib\NxPlug_DBDisplay.inc --> www.nxfrontier.com /nx_lib_0.3/lib NxPlug_DBDisplay.inc
2003.10.27 14:38 B c:\webs\nx_lib_0.3\lib\NxPlug_DBEdit.inc --> www.nxfrontier.com /nx_lib_0.3/lib NxPlug_DBEdit.inc
2003.10.27 14:38 B c:\webs\nx_lib_0.3\lib\NxPlug_Email.inc --> www.nxfrontier.com /nx_lib_0.3/lib NxPlug_Email.inc
2003.10.27 14:38 B c:\webs\nx_lib_0.3\lib\NxPlug_Error.inc --> www.nxfrontier.com /nx_lib_0.3/lib NxPlug_Error.inc
2003.10.27 14:38 B c:\webs\nx_lib_0.3\lib\NxPlug_HtmlUI.inc --> www.nxfrontier.com /nx_lib_0.3/lib NxPlug_HtmlUI.inc
2003.10.27 14:38 B c:\webs\nx_lib_0.3\lib\NxPlug_http_post.inc --> www.nxfrontier.com /nx_lib_0.3/lib NxPlug_http_post.inc
2003.10.27 14:38 B c:\webs\nx_lib_0.3\lib\NxPlug_ImageGD.inc --> www.nxfrontier.com /nx_lib_0.3/lib NxPlug_ImageGD.inc
2003.10.27 14:38 B c:\webs\nx_lib_0.3\lib\NxPlug_ImageStore.inc --> www.nxfrontier.com /nx_lib_0.3/lib NxPlug_ImageStore.inc
2003.10.27 14:38 B c:\webs\nx_lib_0.3\lib\NxPlug_Mail.inc --> www.nxfrontier.com /nx_lib_0.3/lib NxPlug_Mail.inc
2003.10.27 14:38 B c:\webs\nx_lib_0.3\lib\NxPlug_no_data.inc --> www.nxfrontier.com /nx_lib_0.3/lib NxPlug_no_data.inc
2003.10.27 14:38 B c:\webs\nx_lib_0.3\lib\NxPlug_Page.inc --> www.nxfrontier.com /nx_lib_0.3/lib NxPlug_Page.inc
2003.10.27 14:38 B c:\webs\nx_lib_0.3\lib\NxPlug_Password.inc --> www.nxfrontier.com /nx_lib_0.3/lib NxPlug_Password.inc
2003.10.27 14:38 B c:\webs\nx_lib_0.3\lib\NxPlug_RecordInput.inc --> www.nxfrontier.com /nx_lib_0.3/lib NxPlug_RecordInput.inc
2003.10.27 14:38 B c:\webs\nx_lib_0.3\lib\NxPlug_Search.inc --> www.nxfrontier.com /nx_lib_0.3/lib NxPlug_Search.inc
2003.10.27 14:38 B c:\webs\nx_lib_0.3\lib\NxPlug_Session.inc --> www.nxfrontier.com /nx_lib_0.3/lib NxPlug_Session.inc
2003.10.27 14:38 B c:\webs\nx_lib_0.3\lib\NxPlug_User.inc --> www.nxfrontier.com /nx_lib_0.3/lib NxPlug_User.inc
2003.10.27 14:38 B c:\webs\nx_lib_0.3\lib\NxPlug_UserSpace.inc --> www.nxfrontier.com /nx_lib_0.3/lib NxPlug_UserSpace.inc
2003.10.27 14:38 B c:\webs\nx_lib_0.3\lib\NxProperties.inc --> www.nxfrontier.com /nx_lib_0.3/lib NxProperties.inc
2003.10.27 14:38 B c:\webs\nx_lib_0.3\lib\NxUser_Data.inc --> www.nxfrontier.com /nx_lib_0.3/lib NxUser_Data.inc
2003.10.27 14:38 B c:\webs\nx_lib_0.3\lib\NxUser_StoreDB.inc --> www.nxfrontier.com /nx_lib_0.3/lib NxUser_StoreDB.inc
2003.10.27 14:38 B c:\webs\nx_lib_0.3\lib\NxView.inc --> www.nxfrontier.com /nx_lib_0.3/lib NxView.inc
2003.10.27 14:38 B c:\webs\nx_lib_0.3\lib\smtp.php --> www.nxfrontier.com /nx_lib_0.3/lib smtp.php
2003.10.27 14:38 B c:\webs\nx_lib_0.3\lib\WS_FTP.LOG --> www.nxfrontier.com /nx_lib_0.3/lib WS_FTP.LOG
2003.10.28 09:56 A c:\webs\nx_lib_0.3\lib\NxApp_ErrorCB.inc --> www.pecr.com /nx_lib_0.3/lib NxApp_ErrorCB.inc
2003.10.28 09:56 A c:\webs\nx_lib_0.3\lib\NxApp_HttpRequest.inc --> www.pecr.com /nx_lib_0.3/lib NxApp_HttpRequest.inc
2003.10.28 09:56 A c:\webs\nx_lib_0.3\lib\NxApp_ViewModule.inc --> www.pecr.com /nx_lib_0.3/lib NxApp_ViewModule.inc
2003.10.28 09:56 A c:\webs\nx_lib_0.3\lib\NxCache_Page.inc --> www.pecr.com /nx_lib_0.3/lib NxCache_Page.inc
2003.10.28 09:56 A c:\webs\nx_lib_0.3\lib\NxCache_Property.inc --> www.pecr.com /nx_lib_0.3/lib NxCache_Property.inc
2003.10.28 09:56 A c:\webs\nx_lib_0.3\lib\NxCache_Section.inc --> www.pecr.com /nx_lib_0.3/lib NxCache_Section.inc
2003.10.28 09:56 A c:\webs\nx_lib_0.3\lib\NxChoiceLists.inc --> www.pecr.com /nx_lib_0.3/lib NxChoiceLists.inc
2003.10.28 09:56 A c:\webs\nx_lib_0.3\lib\NxData_ArrayRecords.inc --> www.pecr.com /nx_lib_0.3/lib NxData_ArrayRecords.inc
2003.10.28 09:56 A c:\webs\nx_lib_0.3\lib\NxData_Database.inc --> www.pecr.com /nx_lib_0.3/lib NxData_Database.inc
2003.10.28 09:56 A c:\webs\nx_lib_0.3\lib\NxData_HttpForm.inc --> www.pecr.com /nx_lib_0.3/lib NxData_HttpForm.inc
2003.10.28 09:56 A c:\webs\nx_lib_0.3\lib\NxData_Output.inc --> www.pecr.com /nx_lib_0.3/lib NxData_Output.inc
2003.10.28 09:56 A c:\webs\nx_lib_0.3\lib\NxData_OutputForm.inc --> www.pecr.com /nx_lib_0.3/lib NxData_OutputForm.inc
2003.10.28 09:56 A c:\webs\nx_lib_0.3\lib\NxData_PropertyRecord.inc --> www.pecr.com /nx_lib_0.3/lib NxData_PropertyRecord.inc
2003.10.28 09:56 A c:\webs\nx_lib_0.3\lib\NxData_Record.inc --> www.pecr.com /nx_lib_0.3/lib NxData_Record.inc
2003.10.28 09:56 A c:\webs\nx_lib_0.3\lib\NxData_RecordInputSource.inc --> www.pecr.com /nx_lib_0.3/lib NxData_RecordInputSource.inc
2003.10.28 09:56 A c:\webs\nx_lib_0.3\lib\NxData_Session.inc --> www.pecr.com /nx_lib_0.3/lib NxData_Session.inc
2003.10.28 09:56 A c:\webs\nx_lib_0.3\lib\NxDB_Record.inc --> www.pecr.com /nx_lib_0.3/lib NxDB_Record.inc
2003.10.28 09:56 A c:\webs\nx_lib_0.3\lib\NxFileStore.inc --> www.pecr.com /nx_lib_0.3/lib NxFileStore.inc
2003.10.28 09:56 A c:\webs\nx_lib_0.3\lib\NxHTML_Form.inc --> www.pecr.com /nx_lib_0.3/lib NxHTML_Form.inc
2003.10.28 09:56 A c:\webs\nx_lib_0.3\lib\NxLogin_FormAuth.inc --> www.pecr.com /nx_lib_0.3/lib NxLogin_FormAuth.inc
2003.10.28 09:56 A c:\webs\nx_lib_0.3\lib\NxLogin_PHPAuth.inc --> www.pecr.com /nx_lib_0.3/lib NxLogin_PHPAuth.inc
2003.10.28 09:56 A c:\webs\nx_lib_0.3\lib\NxMail_MIME.inc --> www.pecr.com /nx_lib_0.3/lib NxMail_MIME.inc
2003.10.28 09:56 A c:\webs\nx_lib_0.3\lib\NxMail_MimeMessage.inc --> www.pecr.com /nx_lib_0.3/lib NxMail_MimeMessage.inc
2003.10.28 09:56 A c:\webs\nx_lib_0.3\lib\NxPHP_compatibility.inc --> www.pecr.com /nx_lib_0.3/lib NxPHP_compatibility.inc
2003.10.28 09:56 A c:\webs\nx_lib_0.3\lib\NxPlug_Cookie(2).inc --> www.pecr.com /nx_lib_0.3/lib NxPlug_Cookie(2).inc
2003.10.28 09:56 A c:\webs\nx_lib_0.3\lib\NxPlug_Cookie.inc --> www.pecr.com /nx_lib_0.3/lib NxPlug_Cookie.inc
2003.10.28 09:56 A c:\webs\nx_lib_0.3\lib\NxPlug_Data.inc --> www.pecr.com /nx_lib_0.3/lib NxPlug_Data.inc
2003.10.28 09:56 A c:\webs\nx_lib_0.3\lib\NxPlug_DB.inc --> www.pecr.com /nx_lib_0.3/lib NxPlug_DB.inc
2003.10.28 09:56 A c:\webs\nx_lib_0.3\lib\NxPlug_DBDisplay.inc --> www.pecr.com /nx_lib_0.3/lib NxPlug_DBDisplay.inc
2003.10.28 09:56 A c:\webs\nx_lib_0.3\lib\NxPlug_DBEdit.inc --> www.pecr.com /nx_lib_0.3/lib NxPlug_DBEdit.inc
2003.10.28 09:56 A c:\webs\nx_lib_0.3\lib\NxPlug_Email.inc --> www.pecr.com /nx_lib_0.3/lib NxPlug_Email.inc
2003.10.28 09:56 A c:\webs\nx_lib_0.3\lib\NxPlug_Error.inc --> www.pecr.com /nx_lib_0.3/lib NxPlug_Error.inc
2003.10.28 09:56 A c:\webs\nx_lib_0.3\lib\NxPlug_HtmlUI.inc --> www.pecr.com /nx_lib_0.3/lib NxPlug_HtmlUI.inc
2003.10.28 09:56 A c:\webs\nx_lib_0.3\lib\NxPlug_http_post.inc --> www.pecr.com /nx_lib_0.3/lib NxPlug_http_post.inc
2003.10.28 09:56 A c:\webs\nx_lib_0.3\lib\NxPlug_ImageGD.inc --> www.pecr.com /nx_lib_0.3/lib NxPlug_ImageGD.inc
2003.10.28 09:56 A c:\webs\nx_lib_0.3\lib\NxPlug_ImageStore.inc --> www.pecr.com /nx_lib_0.3/lib NxPlug_ImageStore.inc
2003.10.28 09:56 A c:\webs\nx_lib_0.3\lib\NxPlug_Mail.inc --> www.pecr.com /nx_lib_0.3/lib NxPlug_Mail.inc
2003.10.28 09:56 A c:\webs\nx_lib_0.3\lib\NxPlug_no_data.inc --> www.pecr.com /nx_lib_0.3/lib NxPlug_no_data.inc
2003.10.28 09:56 A c:\webs\nx_lib_0.3\lib\NxPlug_Page.inc --> www.pecr.com /nx_lib_0.3/lib NxPlug_Page.inc
2003.10.28 09:56 A c:\webs\nx_lib_0.3\lib\NxPlug_Password.inc --> www.pecr.com /nx_lib_0.3/lib NxPlug_Password.inc
2003.10.28 09:56 A c:\webs\nx_lib_0.3\lib\NxPlug_RecordInput.inc --> www.pecr.com /nx_lib_0.3/lib NxPlug_RecordInput.inc
2003.10.28 09:56 A c:\webs\nx_lib_0.3\lib\NxPlug_Search.inc --> www.pecr.com /nx_lib_0.3/lib NxPlug_Search.inc
2003.10.28 09:56 A c:\webs\nx_lib_0.3\lib\NxPlug_Session.inc --> www.pecr.com /nx_lib_0.3/lib NxPlug_Session.inc
2003.10.28 09:56 A c:\webs\nx_lib_0.3\lib\NxPlug_User.inc --> www.pecr.com /nx_lib_0.3/lib NxPlug_User.inc
2003.10.28 09:56 A c:\webs\nx_lib_0.3\lib\NxPlug_UserSpace.inc --> www.pecr.com /nx_lib_0.3/lib NxPlug_UserSpace.inc
2003.10.28 09:56 A c:\webs\nx_lib_0.3\lib\NxProperties.inc --> www.pecr.com /nx_lib_0.3/lib NxProperties.inc
2003.10.28 09:56 A c:\webs\nx_lib_0.3\lib\NxUser_Data.inc --> www.pecr.com /nx_lib_0.3/lib NxUser_Data.inc
2003.10.28 09:56 A c:\webs\nx_lib_0.3\lib\NxUser_StoreDB.inc --> www.pecr.com /nx_lib_0.3/lib NxUser_StoreDB.inc
2003.10.28 09:56 A c:\webs\nx_lib_0.3\lib\NxView.inc --> www.pecr.com /nx_lib_0.3/lib NxView.inc
2003.10.28 09:56 A c:\webs\nx_lib_0.3\lib\smtp.php --> www.pecr.com /nx_lib_0.3/lib smtp.php
2003.10.28 09:56 B c:\webs\nx_lib_0.3\lib\WS_FTP.LOG --> www.pecr.com /nx_lib_0.3/lib WS_FTP.LOG
2003.10.31 14:42 B c:\webs\nx_dis_0.3\lib\NxApp_ErrorCB.inc --> www.nxfrontier.com /nx_dis_0.3/lib NxApp_ErrorCB.inc
2003.10.31 14:42 B c:\webs\nx_dis_0.3\lib\NxApp_HttpRequest.inc --> www.nxfrontier.com /nx_dis_0.3/lib NxApp_HttpRequest.inc
2003.10.31 14:42 B c:\webs\nx_dis_0.3\lib\NxApp_ViewModule.inc --> www.nxfrontier.com /nx_dis_0.3/lib NxApp_ViewModule.inc
2003.10.31 14:42 B c:\webs\nx_dis_0.3\lib\NxCache_Page.inc --> www.nxfrontier.com /nx_dis_0.3/lib NxCache_Page.inc
2003.10.31 14:42 B c:\webs\nx_dis_0.3\lib\NxCache_Property.inc --> www.nxfrontier.com /nx_dis_0.3/lib NxCache_Property.inc
2003.10.31 14:42 B c:\webs\nx_dis_0.3\lib\NxCache_Section.inc --> www.nxfrontier.com /nx_dis_0.3/lib NxCache_Section.inc
2003.10.31 14:42 B c:\webs\nx_dis_0.3\lib\NxChoiceLists.inc --> www.nxfrontier.com /nx_dis_0.3/lib NxChoiceLists.inc
2003.10.31 14:42 B c:\webs\nx_dis_0.3\lib\NxData_ArrayRecords.inc --> www.nxfrontier.com /nx_dis_0.3/lib NxData_ArrayRecords.inc
2003.10.31 14:42 B c:\webs\nx_dis_0.3\lib\NxData_Database.inc --> www.nxfrontier.com /nx_dis_0.3/lib NxData_Database.inc
2003.10.31 14:42 B c:\webs\nx_dis_0.3\lib\NxData_HttpForm.inc --> www.nxfrontier.com /nx_dis_0.3/lib NxData_HttpForm.inc
2003.10.31 14:42 B c:\webs\nx_dis_0.3\lib\NxData_Output.inc --> www.nxfrontier.com /nx_dis_0.3/lib NxData_Output.inc
2003.10.31 14:42 B c:\webs\nx_dis_0.3\lib\NxData_OutputForm.inc --> www.nxfrontier.com /nx_dis_0.3/lib NxData_OutputForm.inc
2003.10.31 14:42 B c:\webs\nx_dis_0.3\lib\NxData_PropertyRecord.inc --> www.nxfrontier.com /nx_dis_0.3/lib NxData_PropertyRecord.inc
2003.10.31 14:42 B c:\webs\nx_dis_0.3\lib\NxData_Record.inc --> www.nxfrontier.com /nx_dis_0.3/lib NxData_Record.inc
2003.10.31 14:42 B c:\webs\nx_dis_0.3\lib\NxData_RecordInputSource.inc --> www.nxfrontier.com /nx_dis_0.3/lib NxData_RecordInputSource.inc
2003.10.31 14:42 B c:\webs\nx_dis_0.3\lib\NxData_Session.inc --> www.nxfrontier.com /nx_dis_0.3/lib NxData_Session.inc
2003.10.31 14:42 B c:\webs\nx_dis_0.3\lib\NxDB_Record.inc --> www.nxfrontier.com /nx_dis_0.3/lib NxDB_Record.inc
2003.10.31 14:42 B c:\webs\nx_dis_0.3\lib\NxFileStore.inc --> www.nxfrontier.com /nx_dis_0.3/lib NxFileStore.inc
2003.10.31 14:42 B c:\webs\nx_dis_0.3\lib\NxHTML_Form.inc --> www.nxfrontier.com /nx_dis_0.3/lib NxHTML_Form.inc
2003.10.31 14:42 B c:\webs\nx_dis_0.3\lib\NxLogin_FormAuth.inc --> www.nxfrontier.com /nx_dis_0.3/lib NxLogin_FormAuth.inc
2003.10.31 14:42 B c:\webs\nx_dis_0.3\lib\NxLogin_PHPAuth.inc --> www.nxfrontier.com /nx_dis_0.3/lib NxLogin_PHPAuth.inc
2003.10.31 14:42 B c:\webs\nx_dis_0.3\lib\NxMail_MIME.inc --> www.nxfrontier.com /nx_dis_0.3/lib NxMail_MIME.inc
2003.10.31 14:42 B c:\webs\nx_dis_0.3\lib\NxMail_MimeMessage.inc --> www.nxfrontier.com /nx_dis_0.3/lib NxMail_MimeMessage.inc
2003.10.31 14:42 B c:\webs\nx_dis_0.3\lib\NxPHP_compatibility.inc --> www.nxfrontier.com /nx_dis_0.3/lib NxPHP_compatibility.inc
2003.10.31 14:42 B c:\webs\nx_dis_0.3\lib\NxProperties.inc --> www.nxfrontier.com /nx_dis_0.3/lib NxProperties.inc
2003.10.31 14:42 B c:\webs\nx_dis_0.3\lib\NxUser_Data.inc --> www.nxfrontier.com /nx_dis_0.3/lib NxUser_Data.inc
2003.10.31 14:42 B c:\webs\nx_dis_0.3\lib\NxUser_StoreDB.inc --> www.nxfrontier.com /nx_dis_0.3/lib NxUser_StoreDB.inc
2003.10.31 14:43 B c:\webs\nx_dis_0.3\lib\NxView.inc --> www.nxfrontier.com /nx_dis_0.3/lib NxView.inc
2003.10.31 14:43 B c:\webs\nx_dis_0.3\lib\smtp.php --> www.nxfrontier.com /nx_dis_0.3/lib smtp.php
2003.10.31 14:43 B c:\webs\nx_dis_0.3\lib\WS_FTP.LOG --> www.nxfrontier.com /nx_dis_0.3/lib WS_FTP.LOG
2003.10.31 15:17 B c:\webs\nx_dis_0.3\lib\NxCache_Page.inc --> www.nxfrontier.com /nx_dis_0.3/lib NxCache_Page.inc
2003.10.31 15:38 B c:\webs\nx_dis_0.3\lib\NxCache_Page.inc --> www.nxfrontier.com /nx_dis_0.3/lib NxCache_Page.inc
2003.10.31 15:50 B c:\webs\nx_dis_0.3\lib\NxCache_Page.inc --> www.nxfrontier.com /nx_dis_0.3/lib NxCache_Page.inc
2003.10.31 20:04 B c:\webs\nx_dis_0.3\lib\NxCache_Page.inc --> www.nxfrontier.com /nx_dis_0.3/lib NxCache_Page.inc
2003.10.31 20:10 B c:\webs\nx_dis_0.3\lib\NxCache_Property.inc --> www.nxfrontier.com /nx_dis_0.3/lib NxCache_Property.inc
2003.10.31 23:05 B c:\webs\nx_dis_0.3\lib\NxCache_Page.inc --> www.nxfrontier.com /nx_dis_0.3/lib NxCache_Page.inc
2003.11.11 01:57 A c:\webs\nx_dis_0.3\lib\NxApp_ErrorCB.inc --> www.pecr.com /nx_dis_0.3/lib NxApp_ErrorCB.inc
2003.11.11 01:57 A c:\webs\nx_dis_0.3\lib\NxApp_HttpRequest.inc --> www.pecr.com /nx_dis_0.3/lib NxApp_HttpRequest.inc
2003.11.11 01:57 A c:\webs\nx_dis_0.3\lib\NxApp_ViewModule.inc --> www.pecr.com /nx_dis_0.3/lib NxApp_ViewModule.inc
2003.11.11 01:57 A c:\webs\nx_dis_0.3\lib\NxCache_Page.inc --> www.pecr.com /nx_dis_0.3/lib NxCache_Page.inc
2003.11.11 01:57 A c:\webs\nx_dis_0.3\lib\NxCache_Property.inc --> www.pecr.com /nx_dis_0.3/lib NxCache_Property.inc
2003.11.11 01:57 A c:\webs\nx_dis_0.3\lib\NxCache_Section.inc --> www.pecr.com /nx_dis_0.3/lib NxCache_Section.inc
2003.11.11 01:57 A c:\webs\nx_dis_0.3\lib\NxChoiceLists.inc --> www.pecr.com /nx_dis_0.3/lib NxChoiceLists.inc
2003.11.11 01:57 A c:\webs\nx_dis_0.3\lib\NxData_ArrayRecords.inc --> www.pecr.com /nx_dis_0.3/lib NxData_ArrayRecords.inc
2003.11.11 01:57 A c:\webs\nx_dis_0.3\lib\NxData_Database.inc --> www.pecr.com /nx_dis_0.3/lib NxData_Database.inc
2003.11.11 01:57 A c:\webs\nx_dis_0.3\lib\NxData_HttpForm.inc --> www.pecr.com /nx_dis_0.3/lib NxData_HttpForm.inc
2003.11.11 01:57 A c:\webs\nx_dis_0.3\lib\NxData_Output.inc --> www.pecr.com /nx_dis_0.3/lib NxData_Output.inc
2003.11.11 01:57 A c:\webs\nx_dis_0.3\lib\NxData_OutputForm.inc --> www.pecr.com /nx_dis_0.3/lib NxData_OutputForm.inc
2003.11.11 01:57 A c:\webs\nx_dis_0.3\lib\NxData_PropertyRecord.inc --> www.pecr.com /nx_dis_0.3/lib NxData_PropertyRecord.inc
2003.11.11 01:57 A c:\webs\nx_dis_0.3\lib\NxData_Record.inc --> www.pecr.com /nx_dis_0.3/lib NxData_Record.inc
2003.11.11 01:57 A c:\webs\nx_dis_0.3\lib\NxData_RecordInputSource.inc --> www.pecr.com /nx_dis_0.3/lib NxData_RecordInputSource.inc
2003.11.11 01:57 A c:\webs\nx_dis_0.3\lib\NxData_Session.inc --> www.pecr.com /nx_dis_0.3/lib NxData_Session.inc
2003.11.11 01:57 A c:\webs\nx_dis_0.3\lib\NxDB_Record.inc --> www.pecr.com /nx_dis_0.3/lib NxDB_Record.inc
2003.11.11 01:57 A c:\webs\nx_dis_0.3\lib\NxFileStore.inc --> www.pecr.com /nx_dis_0.3/lib NxFileStore.inc
2003.11.11 01:57 A c:\webs\nx_dis_0.3\lib\NxHTML_Form.inc --> www.pecr.com /nx_dis_0.3/lib NxHTML_Form.inc
2003.11.11 01:57 A c:\webs\nx_dis_0.3\lib\NxMail_MIME.inc --> www.pecr.com /nx_dis_0.3/lib NxMail_MIME.inc
2003.11.11 01:57 A c:\webs\nx_dis_0.3\lib\NxMail_MimeMessage.inc --> www.pecr.com /nx_dis_0.3/lib NxMail_MimeMessage.inc
2003.11.11 01:57 A c:\webs\nx_dis_0.3\lib\NxPHP_compatibility.inc --> www.pecr.com /nx_dis_0.3/lib NxPHP_compatibility.inc
2003.11.11 01:57 A c:\webs\nx_dis_0.3\lib\NxProperties.inc --> www.pecr.com /nx_dis_0.3/lib NxProperties.inc
2003.11.11 01:57 A c:\webs\nx_dis_0.3\lib\NxView.inc --> www.pecr.com /nx_dis_0.3/lib NxView.inc
2003.11.11 01:57 A c:\webs\nx_dis_0.3\lib\smtp.php --> www.pecr.com /nx_dis_0.3/lib smtp.php
2003.11.11 01:57 B c:\webs\nx_dis_0.3\lib\WS_FTP.LOG --> www.pecr.com /nx_dis_0.3/lib WS_FTP.LOG
2003.11.23 01:20 B c:\webs\nx_dis_0.3\lib\NxApp_ViewModule.inc --> www.nxfrontier.com /nx_dis_0.3/lib NxApp_ViewModule.inc
2003.11.23 01:20 B c:\webs\nx_dis_0.3\lib\NxChoiceLists.inc --> www.nxfrontier.com /nx_dis_0.3/lib NxChoiceLists.inc
2003.11.23 01:20 B c:\webs\nx_dis_0.3\lib\NxMail_MIME.inc --> www.nxfrontier.com /nx_dis_0.3/lib NxMail_MIME.inc
2003.11.23 01:20 B c:\webs\nx_dis_0.3\lib\NxProperties.inc --> www.nxfrontier.com /nx_dis_0.3/lib NxProperties.inc
2003.11.23 01:20 B c:\webs\nx_dis_0.3\lib\WS_FTP.LOG --> www.nxfrontier.com /nx_dis_0.3/lib WS_FTP.LOG
2003.11.26 03:31 B c:\webs\nx_dis_0.3\lib\NxApp_ViewModule.inc --> www.nxfrontier.com /nx_dis_0.3/lib NxApp_ViewModule.inc
2003.11.26 03:31 B c:\webs\nx_dis_0.3\lib\NxData_ArrayRecords.inc --> www.nxfrontier.com /nx_dis_0.3/lib NxData_ArrayRecords.inc
2003.11.26 03:31 B c:\webs\nx_dis_0.3\lib\NxData_Record.inc --> www.nxfrontier.com /nx_dis_0.3/lib NxData_Record.inc
2003.11.26 03:31 B c:\webs\nx_dis_0.3\lib\NxProperties.inc --> www.nxfrontier.com /nx_dis_0.3/lib NxProperties.inc
2003.12.01 04:01 A c:\webs\nx_dis_0.3\lib\NxApp_ViewModule.inc --> www.pecr.com /nx_dis_0.3/lib NxApp_ViewModule.inc
2003.12.01 04:01 A c:\webs\nx_dis_0.3\lib\NxChoiceLists.inc --> www.pecr.com /nx_dis_0.3/lib NxChoiceLists.inc
2003.12.01 04:01 A c:\webs\nx_dis_0.3\lib\NxData_ArrayRecords.inc --> www.pecr.com /nx_dis_0.3/lib NxData_ArrayRecords.inc
2003.12.01 04:01 A c:\webs\nx_dis_0.3\lib\NxData_Database.inc --> www.pecr.com /nx_dis_0.3/lib NxData_Database.inc
2003.12.01 04:01 A c:\webs\nx_dis_0.3\lib\NxData_Record.inc --> www.pecr.com /nx_dis_0.3/lib NxData_Record.inc
2003.12.01 04:01 A c:\webs\nx_dis_0.3\lib\NxDB_Record.inc --> www.pecr.com /nx_dis_0.3/lib NxDB_Record.inc
2003.12.01 04:01 A c:\webs\nx_dis_0.3\lib\NxProperties.inc --> www.pecr.com /nx_dis_0.3/lib NxProperties.inc
2003.12.01 04:01 B c:\webs\nx_dis_0.3\lib\WS_FTP.LOG --> www.pecr.com /nx_dis_0.3/lib WS_FTP.LOG
2003.12.08 12:24 A c:\webs\nx_dis_0.3\lib\NxApp_ErrorCB.inc --> www.pecr.com /nx_dis_0.3/lib NxApp_ErrorCB.inc
2003.12.08 12:24 A c:\webs\nx_dis_0.3\lib\NxApp_HttpRequest.inc --> www.pecr.com /nx_dis_0.3/lib NxApp_HttpRequest.inc
2003.12.08 12:24 A c:\webs\nx_dis_0.3\lib\NxApp_ViewModule.inc --> www.pecr.com /nx_dis_0.3/lib NxApp_ViewModule.inc
2003.12.08 12:24 A c:\webs\nx_dis_0.3\lib\NxCache_Page.inc --> www.pecr.com /nx_dis_0.3/lib NxCache_Page.inc
2003.12.08 12:24 A c:\webs\nx_dis_0.3\lib\NxCache_Property.inc --> www.pecr.com /nx_dis_0.3/lib NxCache_Property.inc
2003.12.08 12:24 A c:\webs\nx_dis_0.3\lib\NxCache_Section.inc --> www.pecr.com /nx_dis_0.3/lib NxCache_Section.inc
2003.12.08 12:24 A c:\webs\nx_dis_0.3\lib\NxChoiceLists.inc --> www.pecr.com /nx_dis_0.3/lib NxChoiceLists.inc
2003.12.08 12:24 A c:\webs\nx_dis_0.3\lib\NxData_ArrayRecords.inc --> www.pecr.com /nx_dis_0.3/lib NxData_ArrayRecords.inc
2003.12.08 12:24 A c:\webs\nx_dis_0.3\lib\NxData_Database.inc --> www.pecr.com /nx_dis_0.3/lib NxData_Database.inc
2003.12.08 12:24 A c:\webs\nx_dis_0.3\lib\NxData_HttpForm.inc --> www.pecr.com /nx_dis_0.3/lib NxData_HttpForm.inc
2003.12.08 12:24 A c:\webs\nx_dis_0.3\lib\NxData_Output.inc --> www.pecr.com /nx_dis_0.3/lib NxData_Output.inc
2003.12.08 12:24 A c:\webs\nx_dis_0.3\lib\NxData_OutputForm.inc --> www.pecr.com /nx_dis_0.3/lib NxData_OutputForm.inc
2003.12.08 12:24 A c:\webs\nx_dis_0.3\lib\NxData_PropertyRecord.inc --> www.pecr.com /nx_dis_0.3/lib NxData_PropertyRecord.inc
2003.12.08 12:24 A c:\webs\nx_dis_0.3\lib\NxData_Record.inc --> www.pecr.com /nx_dis_0.3/lib NxData_Record.inc
2003.12.08 12:24 A c:\webs\nx_dis_0.3\lib\NxData_RecordInputSource.inc --> www.pecr.com /nx_dis_0.3/lib NxData_RecordInputSource.inc
2003.12.08 12:24 A c:\webs\nx_dis_0.3\lib\NxData_Session.inc --> www.pecr.com /nx_dis_0.3/lib NxData_Session.inc
2003.12.08 12:24 A c:\webs\nx_dis_0.3\lib\NxDB_Record.inc --> www.pecr.com /nx_dis_0.3/lib NxDB_Record.inc
2003.12.08 12:24 A c:\webs\nx_dis_0.3\lib\NxFileStore.inc --> www.pecr.com /nx_dis_0.3/lib NxFileStore.inc
2003.12.08 12:24 A c:\webs\nx_dis_0.3\lib\NxHTML_Form.inc --> www.pecr.com /nx_dis_0.3/lib NxHTML_Form.inc
2003.12.08 12:24 A c:\webs\nx_dis_0.3\lib\NxMail_MIME.inc --> www.pecr.com /nx_dis_0.3/lib NxMail_MIME.inc
2003.12.08 12:24 A c:\webs\nx_dis_0.3\lib\NxMail_MimeMessage.inc --> www.pecr.com /nx_dis_0.3/lib NxMail_MimeMessage.inc
2003.12.08 12:24 A c:\webs\nx_dis_0.3\lib\NxPHP_compatibility.inc --> www.pecr.com /nx_dis_0.3/lib NxPHP_compatibility.inc
2003.12.08 12:24 A c:\webs\nx_dis_0.3\lib\NxProperties.inc --> www.pecr.com /nx_dis_0.3/lib NxProperties.inc
2003.12.08 12:24 A c:\webs\nx_dis_0.3\lib\NxView.inc --> www.pecr.com /nx_dis_0.3/lib NxView.inc
2003.12.08 12:24 A c:\webs\nx_dis_0.3\lib\smtp.php --> www.pecr.com /nx_dis_0.3/lib smtp.php
2003.12.08 12:24 B c:\webs\nx_dis_0.3\lib\WS_FTP.LOG --> www.pecr.com /nx_dis_0.3/lib WS_FTP.LOG
2003.12.09 10:39 A c:\webs\nx_dis_0.3\lib\NxProperties.inc --> www.pecr.com /nx_dis_0.3/lib NxProperties.inc
2003.12.09 19:15 B c:\webs\nx_dis_0.3\lib\NxApp_ErrorCB.inc --> 212.67.202.155 /nx_dis_0.3/lib NxApp_ErrorCB.inc
2003.12.09 19:15 B c:\webs\nx_dis_0.3\lib\NxApp_HttpRequest.inc --> 212.67.202.155 /nx_dis_0.3/lib NxApp_HttpRequest.inc
2003.12.09 19:15 B c:\webs\nx_dis_0.3\lib\NxApp_ViewModule.inc --> 212.67.202.155 /nx_dis_0.3/lib NxApp_ViewModule.inc
2003.12.09 19:15 B c:\webs\nx_dis_0.3\lib\NxCache_Page.inc --> 212.67.202.155 /nx_dis_0.3/lib NxCache_Page.inc
2003.12.09 19:15 B c:\webs\nx_dis_0.3\lib\NxCache_Property.inc --> 212.67.202.155 /nx_dis_0.3/lib NxCache_Property.inc
2003.12.09 19:15 B c:\webs\nx_dis_0.3\lib\NxCache_Section.inc --> 212.67.202.155 /nx_dis_0.3/lib NxCache_Section.inc
2003.12.09 19:15 B c:\webs\nx_dis_0.3\lib\NxChoiceLists.inc --> 212.67.202.155 /nx_dis_0.3/lib NxChoiceLists.inc
2003.12.09 19:15 B c:\webs\nx_dis_0.3\lib\NxData_ArrayRecords.inc --> 212.67.202.155 /nx_dis_0.3/lib NxData_ArrayRecords.inc
2003.12.09 19:15 B c:\webs\nx_dis_0.3\lib\NxData_Database.inc --> 212.67.202.155 /nx_dis_0.3/lib NxData_Database.inc
2003.12.09 19:15 B c:\webs\nx_dis_0.3\lib\NxData_HttpForm.inc --> 212.67.202.155 /nx_dis_0.3/lib NxData_HttpForm.inc
2003.12.09 19:15 B c:\webs\nx_dis_0.3\lib\NxData_Output.inc --> 212.67.202.155 /nx_dis_0.3/lib NxData_Output.inc
2003.12.09 19:15 B c:\webs\nx_dis_0.3\lib\NxData_OutputForm.inc --> 212.67.202.155 /nx_dis_0.3/lib NxData_OutputForm.inc
2003.12.09 19:15 B c:\webs\nx_dis_0.3\lib\NxData_PropertyRecord.inc --> 212.67.202.155 /nx_dis_0.3/lib NxData_PropertyRecord.inc
2003.12.09 19:15 B c:\webs\nx_dis_0.3\lib\NxData_Record.inc --> 212.67.202.155 /nx_dis_0.3/lib NxData_Record.inc
2003.12.09 19:15 B c:\webs\nx_dis_0.3\lib\NxData_RecordInputSource.inc --> 212.67.202.155 /nx_dis_0.3/lib NxData_RecordInputSource.inc
2003.12.09 19:15 B c:\webs\nx_dis_0.3\lib\NxData_Session.inc --> 212.67.202.155 /nx_dis_0.3/lib NxData_Session.inc
2003.12.09 19:15 B c:\webs\nx_dis_0.3\lib\NxDB_Record.inc --> 212.67.202.155 /nx_dis_0.3/lib NxDB_Record.inc
2003.12.09 19:15 B c:\webs\nx_dis_0.3\lib\NxFileStore.inc --> 212.67.202.155 /nx_dis_0.3/lib NxFileStore.inc
2003.12.09 19:15 B c:\webs\nx_dis_0.3\lib\NxHTML_Form.inc --> 212.67.202.155 /nx_dis_0.3/lib NxHTML_Form.inc
2003.12.09 19:15 B c:\webs\nx_dis_0.3\lib\NxMail_MIME.inc --> 212.67.202.155 /nx_dis_0.3/lib NxMail_MIME.inc
2003.12.09 19:15 B c:\webs\nx_dis_0.3\lib\NxMail_MimeMessage.inc --> 212.67.202.155 /nx_dis_0.3/lib NxMail_MimeMessage.inc
2003.12.09 19:15 B c:\webs\nx_dis_0.3\lib\NxPHP_compatibility.inc --> 212.67.202.155 /nx_dis_0.3/lib NxPHP_compatibility.inc
2003.12.09 19:15 B c:\webs\nx_dis_0.3\lib\NxProperties.inc --> 212.67.202.155 /nx_dis_0.3/lib NxProperties.inc
2003.12.09 19:15 B c:\webs\nx_dis_0.3\lib\NxView.inc --> 212.67.202.155 /nx_dis_0.3/lib NxView.inc
2003.12.09 19:15 B c:\webs\nx_dis_0.3\lib\smtp.php --> 212.67.202.155 /nx_dis_0.3/lib smtp.php
2003.12.09 19:15 B c:\webs\nx_dis_0.3\lib\WS_FTP.LOG --> 212.67.202.155 /nx_dis_0.3/lib WS_FTP.LOG
2003.12.09 22:24 B c:\webs\nx_dis_0.3\lib\NxProperties.inc --> 212.67.202.155 /nx_dis_0.3/lib NxProperties.inc
2003.12.09 22:25 B c:\webs\nx_dis_0.3\lib\NxProperties.inc --> 212.67.202.155 /nx_dis_0.3/lib NxProperties.inc
2003.12.09 22:25 B c:\webs\nx_dis_0.3\lib\NxProperties.inc --> 212.67.202.155 /nx_dis_0.3/lib NxProperties.inc
2003.12.09 22:42 B c:\webs\nx_dis_0.3\lib\NxProperties.inc --> 212.67.202.155 /nx_dis_0.3/lib NxProperties.inc
2003.12.09 22:48 B c:\webs\nx_dis_0.3\lib\NxProperties.inc --> 212.67.202.155 /nx_dis_0.3/lib NxProperties.inc
2003.12.09 22:57 B c:\webs\nx_dis_0.3\lib\NxData_ArrayRecords.inc --> 212.67.202.155 /nx_dis_0.3/lib NxData_ArrayRecords.inc
2003.12.11 15:12 B c:\webs\nx_dis_0.4\lib\NxApp_ErrorCB.inc --> 212.67.202.155 /nx_dis_0.4/lib NxApp_ErrorCB.inc
2003.12.11 15:12 B c:\webs\nx_dis_0.4\lib\NxApp_HttpRequest.inc --> 212.67.202.155 /nx_dis_0.4/lib NxApp_HttpRequest.inc
2003.12.11 15:12 B c:\webs\nx_dis_0.4\lib\NxApp_ViewModule.inc --> 212.67.202.155 /nx_dis_0.4/lib NxApp_ViewModule.inc
2003.12.11 15:12 B c:\webs\nx_dis_0.4\lib\NxCache_Page.inc --> 212.67.202.155 /nx_dis_0.4/lib NxCache_Page.inc
2003.12.11 15:12 B c:\webs\nx_dis_0.4\lib\NxCache_Property.inc --> 212.67.202.155 /nx_dis_0.4/lib NxCache_Property.inc
2003.12.11 15:12 B c:\webs\nx_dis_0.4\lib\NxCache_Section.inc --> 212.67.202.155 /nx_dis_0.4/lib NxCache_Section.inc
2003.12.11 15:12 B c:\webs\nx_dis_0.4\lib\NxChoiceLists.inc --> 212.67.202.155 /nx_dis_0.4/lib NxChoiceLists.inc
2003.12.11 15:12 B c:\webs\nx_dis_0.4\lib\NxData_ArrayRecords.inc --> 212.67.202.155 /nx_dis_0.4/lib NxData_ArrayRecords.inc
2003.12.11 15:12 B c:\webs\nx_dis_0.4\lib\NxData_Database.inc --> 212.67.202.155 /nx_dis_0.4/lib NxData_Database.inc
2003.12.11 15:12 B c:\webs\nx_dis_0.4\lib\NxData_HttpForm.inc --> 212.67.202.155 /nx_dis_0.4/lib NxData_HttpForm.inc
2003.12.11 15:12 B c:\webs\nx_dis_0.4\lib\NxData_Output.inc --> 212.67.202.155 /nx_dis_0.4/lib NxData_Output.inc
2003.12.11 15:12 B c:\webs\nx_dis_0.4\lib\NxData_OutputForm.inc --> 212.67.202.155 /nx_dis_0.4/lib NxData_OutputForm.inc
2003.12.11 15:13 B c:\webs\nx_dis_0.4\lib\NxData_PropertyRecord.inc --> 212.67.202.155 /nx_dis_0.4/lib NxData_PropertyRecord.inc
2003.12.11 15:13 B c:\webs\nx_dis_0.4\lib\NxData_Record.inc --> 212.67.202.155 /nx_dis_0.4/lib NxData_Record.inc
2003.12.11 15:13 B c:\webs\nx_dis_0.4\lib\NxData_RecordInputSource.inc --> 212.67.202.155 /nx_dis_0.4/lib NxData_RecordInputSource.inc
2003.12.11 15:13 B c:\webs\nx_dis_0.4\lib\NxData_Session.inc --> 212.67.202.155 /nx_dis_0.4/lib NxData_Session.inc
2003.12.11 15:13 B c:\webs\nx_dis_0.4\lib\NxDB_Record.inc --> 212.67.202.155 /nx_dis_0.4/lib NxDB_Record.inc
2003.12.11 15:13 B c:\webs\nx_dis_0.4\lib\NxFileStore.inc --> 212.67.202.155 /nx_dis_0.4/lib NxFileStore.inc
2003.12.11 15:13 B c:\webs\nx_dis_0.4\lib\NxHTML_Form.inc --> 212.67.202.155 /nx_dis_0.4/lib NxHTML_Form.inc
2003.12.11 15:13 B c:\webs\nx_dis_0.4\lib\NxMail_MIME.inc --> 212.67.202.155 /nx_dis_0.4/lib NxMail_MIME.inc
2003.12.11 15:13 B c:\webs\nx_dis_0.4\lib\NxMail_MimeMessage.inc --> 212.67.202.155 /nx_dis_0.4/lib NxMail_MimeMessage.inc
2003.12.11 15:13 B c:\webs\nx_dis_0.4\lib\NxPHP_compatibility.inc --> 212.67.202.155 /nx_dis_0.4/lib NxPHP_compatibility.inc
2003.12.11 15:13 B c:\webs\nx_dis_0.4\lib\NxProperties.inc --> 212.67.202.155 /nx_dis_0.4/lib NxProperties.inc
2003.12.11 15:13 B c:\webs\nx_dis_0.4\lib\NxView.inc --> 212.67.202.155 /nx_dis_0.4/lib NxView.inc
2003.12.11 15:13 B c:\webs\nx_dis_0.4\lib\smtp.php --> 212.67.202.155 /nx_dis_0.4/lib smtp.php
2003.12.11 15:13 B c:\webs\nx_dis_0.4\lib\WS_FTP.LOG --> 212.67.202.155 /nx_dis_0.4/lib WS_FTP.LOG
2003.12.11 16:56 B c:\webs\nx_dis_0.4\lib\NxData_ArrayRecords.inc --> 212.67.202.155 /nx_dis_0.4/lib NxData_ArrayRecords.inc
2003.12.11 16:56 B c:\webs\nx_dis_0.4\lib\NxData_HttpForm.inc --> 212.67.202.155 /nx_dis_0.4/lib NxData_HttpForm.inc
2003.12.11 16:56 B c:\webs\nx_dis_0.4\lib\NxProperties.inc --> 212.67.202.155 /nx_dis_0.4/lib NxProperties.inc
2003.12.11 17:14 B c:\webs\nx_dis_0.4\lib\NxProperties.inc --> 212.67.202.155 /nx_dis_0.4/lib NxProperties.inc
2003.12.19 16:45 B c:\webs\nx_dis_0.4\lib\NxApp_ErrorCB.inc --> 212.67.202.155 /public_html/users/nx_dis_0.4/lib NxApp_ErrorCB.inc
2003.12.19 16:45 B c:\webs\nx_dis_0.4\lib\NxApp_HttpRequest.inc --> 212.67.202.155 /public_html/users/nx_dis_0.4/lib NxApp_HttpRequest.inc
2003.12.19 16:45 B c:\webs\nx_dis_0.4\lib\NxApp_ViewModule.inc --> 212.67.202.155 /public_html/users/nx_dis_0.4/lib NxApp_ViewModule.inc
2003.12.19 16:45 B c:\webs\nx_dis_0.4\lib\NxCache_Page.inc --> 212.67.202.155 /public_html/users/nx_dis_0.4/lib NxCache_Page.inc
2003.12.19 16:45 B c:\webs\nx_dis_0.4\lib\NxCache_Property.inc --> 212.67.202.155 /public_html/users/nx_dis_0.4/lib NxCache_Property.inc
2003.12.19 16:45 B c:\webs\nx_dis_0.4\lib\NxCache_Section.inc --> 212.67.202.155 /public_html/users/nx_dis_0.4/lib NxCache_Section.inc
2003.12.19 16:45 B c:\webs\nx_dis_0.4\lib\NxChoiceLists.inc --> 212.67.202.155 /public_html/users/nx_dis_0.4/lib NxChoiceLists.inc
2003.12.19 16:45 B c:\webs\nx_dis_0.4\lib\NxData_ArrayRecords.inc --> 212.67.202.155 /public_html/users/nx_dis_0.4/lib NxData_ArrayRecords.inc
2003.12.19 16:45 B c:\webs\nx_dis_0.4\lib\NxData_Database.inc --> 212.67.202.155 /public_html/users/nx_dis_0.4/lib NxData_Database.inc
2003.12.19 16:45 B c:\webs\nx_dis_0.4\lib\NxData_HttpForm.inc --> 212.67.202.155 /public_html/users/nx_dis_0.4/lib NxData_HttpForm.inc
2003.12.19 16:45 B c:\webs\nx_dis_0.4\lib\NxData_Output.inc --> 212.67.202.155 /public_html/users/nx_dis_0.4/lib NxData_Output.inc
2003.12.19 16:45 B c:\webs\nx_dis_0.4\lib\NxData_OutputForm.inc --> 212.67.202.155 /public_html/users/nx_dis_0.4/lib NxData_OutputForm.inc
2003.12.19 16:45 B c:\webs\nx_dis_0.4\lib\NxData_PropertyRecord.inc --> 212.67.202.155 /public_html/users/nx_dis_0.4/lib NxData_PropertyRecord.inc
2003.12.19 16:45 B c:\webs\nx_dis_0.4\lib\NxData_Record.inc --> 212.67.202.155 /public_html/users/nx_dis_0.4/lib NxData_Record.inc
2003.12.19 16:45 B c:\webs\nx_dis_0.4\lib\NxData_RecordInputSource.inc --> 212.67.202.155 /public_html/users/nx_dis_0.4/lib NxData_RecordInputSource.inc
2003.12.19 16:45 B c:\webs\nx_dis_0.4\lib\NxData_Session.inc --> 212.67.202.155 /public_html/users/nx_dis_0.4/lib NxData_Session.inc
2003.12.19 16:45 B c:\webs\nx_dis_0.4\lib\NxDB_Record.inc --> 212.67.202.155 /public_html/users/nx_dis_0.4/lib NxDB_Record.inc
2003.12.19 16:45 B c:\webs\nx_dis_0.4\lib\NxFileStore.inc --> 212.67.202.155 /public_html/users/nx_dis_0.4/lib NxFileStore.inc
2003.12.19 16:45 B c:\webs\nx_dis_0.4\lib\NxHTML_Form.inc --> 212.67.202.155 /public_html/users/nx_dis_0.4/lib NxHTML_Form.inc
2003.12.19 16:45 B c:\webs\nx_dis_0.4\lib\NxMail_MIME.inc --> 212.67.202.155 /public_html/users/nx_dis_0.4/lib NxMail_MIME.inc
2003.12.19 16:45 B c:\webs\nx_dis_0.4\lib\NxMail_MimeMessage.inc --> 212.67.202.155 /public_html/users/nx_dis_0.4/lib NxMail_MimeMessage.inc
2003.12.19 16:45 B c:\webs\nx_dis_0.4\lib\NxPHP_compatibility.inc --> 212.67.202.155 /public_html/users/nx_dis_0.4/lib NxPHP_compatibility.inc
2003.12.19 16:45 B c:\webs\nx_dis_0.4\lib\NxProperties.inc --> 212.67.202.155 /public_html/users/nx_dis_0.4/lib NxProperties.inc
2003.12.19 16:45 B c:\webs\nx_dis_0.4\lib\NxView.inc --> 212.67.202.155 /public_html/users/nx_dis_0.4/lib NxView.inc
2003.12.19 16:45 B c:\webs\nx_dis_0.4\lib\smtp.php --> 212.67.202.155 /public_html/users/nx_dis_0.4/lib smtp.php
2003.12.19 16:45 B c:\webs\nx_dis_0.4\lib\WS_FTP.LOG --> 212.67.202.155 /public_html/users/nx_dis_0.4/lib WS_FTP.LOG
2004.01.06 21:35 B c:\webs\nx_dis_0.5\lib\NxApp_ErrorCB.inc --> 212.67.202.155 /public_html/users/nx_dis_0.5/lib NxApp_ErrorCB.inc
2004.01.06 21:35 B c:\webs\nx_dis_0.5\lib\NxApp_HttpRequest.inc --> 212.67.202.155 /public_html/users/nx_dis_0.5/lib NxApp_HttpRequest.inc
2004.01.06 21:35 B c:\webs\nx_dis_0.5\lib\NxApp_ViewModule.inc --> 212.67.202.155 /public_html/users/nx_dis_0.5/lib NxApp_ViewModule.inc
2004.01.06 21:35 B c:\webs\nx_dis_0.5\lib\NxCache_Page.inc --> 212.67.202.155 /public_html/users/nx_dis_0.5/lib NxCache_Page.inc
2004.01.06 21:35 B c:\webs\nx_dis_0.5\lib\NxCache_Property.inc --> 212.67.202.155 /public_html/users/nx_dis_0.5/lib NxCache_Property.inc
2004.01.06 21:35 B c:\webs\nx_dis_0.5\lib\NxCache_Section.inc --> 212.67.202.155 /public_html/users/nx_dis_0.5/lib NxCache_Section.inc
2004.01.06 21:35 B c:\webs\nx_dis_0.5\lib\NxChoiceLists.inc --> 212.67.202.155 /public_html/users/nx_dis_0.5/lib NxChoiceLists.inc
2004.01.06 21:35 B c:\webs\nx_dis_0.5\lib\NxData_ArrayRecords.inc --> 212.67.202.155 /public_html/users/nx_dis_0.5/lib NxData_ArrayRecords.inc
2004.01.06 21:35 B c:\webs\nx_dis_0.5\lib\NxData_Database.inc --> 212.67.202.155 /public_html/users/nx_dis_0.5/lib NxData_Database.inc
2004.01.06 21:35 B c:\webs\nx_dis_0.5\lib\NxData_HttpForm.inc --> 212.67.202.155 /public_html/users/nx_dis_0.5/lib NxData_HttpForm.inc
2004.01.06 21:35 B c:\webs\nx_dis_0.5\lib\NxData_Output.inc --> 212.67.202.155 /public_html/users/nx_dis_0.5/lib NxData_Output.inc
2004.01.06 21:35 B c:\webs\nx_dis_0.5\lib\NxData_OutputForm.inc --> 212.67.202.155 /public_html/users/nx_dis_0.5/lib NxData_OutputForm.inc
2004.01.06 21:35 B c:\webs\nx_dis_0.5\lib\NxData_PropertyRecord.inc --> 212.67.202.155 /public_html/users/nx_dis_0.5/lib NxData_PropertyRecord.inc
2004.01.06 21:35 B c:\webs\nx_dis_0.5\lib\NxData_Record.inc --> 212.67.202.155 /public_html/users/nx_dis_0.5/lib NxData_Record.inc
2004.01.06 21:35 B c:\webs\nx_dis_0.5\lib\NxData_RecordInputSource.inc --> 212.67.202.155 /public_html/users/nx_dis_0.5/lib NxData_RecordInputSource.inc
2004.01.06 21:35 B c:\webs\nx_dis_0.5\lib\NxData_Session.inc --> 212.67.202.155 /public_html/users/nx_dis_0.5/lib NxData_Session.inc
2004.01.06 21:35 B c:\webs\nx_dis_0.5\lib\NxDB_Record.inc --> 212.67.202.155 /public_html/users/nx_dis_0.5/lib NxDB_Record.inc
2004.01.06 21:35 B c:\webs\nx_dis_0.5\lib\NxFileStore.inc --> 212.67.202.155 /public_html/users/nx_dis_0.5/lib NxFileStore.inc
2004.01.06 21:35 B c:\webs\nx_dis_0.5\lib\NxHTML_Form.inc --> 212.67.202.155 /public_html/users/nx_dis_0.5/lib NxHTML_Form.inc
2004.01.06 21:35 B c:\webs\nx_dis_0.5\lib\NxMail_MIME.inc --> 212.67.202.155 /public_html/users/nx_dis_0.5/lib NxMail_MIME.inc
2004.01.06 21:35 B c:\webs\nx_dis_0.5\lib\NxMail_MimeMessage.inc --> 212.67.202.155 /public_html/users/nx_dis_0.5/lib NxMail_MimeMessage.inc
2004.01.06 21:35 B c:\webs\nx_dis_0.5\lib\NxPHP_compatibility.inc --> 212.67.202.155 /public_html/users/nx_dis_0.5/lib NxPHP_compatibility.inc
2004.01.06 21:35 B c:\webs\nx_dis_0.5\lib\NxProperties.inc --> 212.67.202.155 /public_html/users/nx_dis_0.5/lib NxProperties.inc
2004.01.06 21:35 B c:\webs\nx_dis_0.5\lib\NxView.inc --> 212.67.202.155 /public_html/users/nx_dis_0.5/lib NxView.inc
2004.01.06 21:35 B c:\webs\nx_dis_0.5\lib\smtp.php --> 212.67.202.155 /public_html/users/nx_dis_0.5/lib smtp.php
2004.01.06 21:35 B c:\webs\nx_dis_0.5\lib\WS_FTP.LOG --> 212.67.202.155 /public_html/users/nx_dis_0.5/lib WS_FTP.LOG
2004.01.15 01:26 A c:\webs\nx_dis_0.6\lib\NxData_ArrayRecords.inc --> www.pecr.com /nx_dis_0.3/lib NxData_ArrayRecords.inc
2004.02.15 23:27 A c:\webs\nx_dis_0.6\lib\NxCache_Page(2).inc --> 212.67.202.155 /public_html/users/nx_dis_0.6/lib NxCache_Page(2).inc
2004.02.15 23:27 A c:\webs\nx_dis_0.6\lib\NxData_RecordInputSource.inc --> 212.67.202.155 /public_html/users/nx_dis_0.6/lib NxData_RecordInputSource.inc
